<?xml version="1.0" encoding="UTF-8"?>
<!-- Generated by org.testng.reporters.JUnitXMLReporter -->
<testsuite ignored="2" hostname="LAPTOP-L3BQ5DRJ" failures="0" tests="1" name="Default test" time="14.801" errors="0" timestamp="2026-08-11T16:19:11 IST">
  <testcase classname="com.nykaa.cart.Cart" name="toVerifyCouponAvailableForNonLoggedInUsersTest" time="9.718"/>
  <testcase classname="com.nykaa.cart.Cart" name="toVerifyToRemoveProductTest" time="0.0">
    <ignored/>
  </testcase> <!-- toVerifyToRemoveProductTest -->
  <testcase classname="com.nykaa.cart.Cart" name="toVerifyMultipleProductsAddedToCartTest" time="0.0">
    <ignored/>
  </testcase> <!-- toVerifyMultipleProductsAddedToCartTest -->
</testsuite> <!-- Default test -->
