<?xml version="1.0" encoding="UTF-8"?>
<testng-results ignored="0" total="1" passed="1" failed="0" skipped="0">
  <reporter-output>
  </reporter-output>
  <suite started-at="2026-08-11T16:35:19 IST" name="Default suite" finished-at="2026-08-11T16:36:46 IST" duration-ms="87338">
    <groups>
    </groups>
    <test started-at="2026-08-11T16:35:19 IST" name="Default test" finished-at="2026-08-11T16:36:46 IST" duration-ms="87338">
      <class name="com.nykaa.brands.BrandSearchE2ETest">
        <test-method is-config="true" signature="configBS()[pri:0, instance:com.nykaa.brands.BrandSearchE2ETest@d35dea7]" started-at="2026-08-11T16:35:19 IST" name="configBS" finished-at="2026-08-11T16:35:19 IST" duration-ms="7" status="PASS">
          <reporter-output>
          </reporter-output>
        </test-method> <!-- configBS -->
        <test-method is-config="true" signature="configBC()[pri:0, instance:com.nykaa.brands.BrandSearchE2ETest@d35dea7]" started-at="2026-08-11T16:35:19 IST" name="configBC" finished-at="2026-08-11T16:35:21 IST" duration-ms="1674" status="PASS">
          <reporter-output>
          </reporter-output>
        </test-method> <!-- configBC -->
        <test-method is-config="true" signature="configBM()[pri:0, instance:com.nykaa.brands.BrandSearchE2ETest@d35dea7]" started-at="2026-08-11T16:35:21 IST" name="configBM" finished-at="2026-08-11T16:35:21 IST" duration-ms="2" status="PASS">
          <reporter-output>
          </reporter-output>
        </test-method> <!-- configBM -->
        <test-method signature="brandSearchE2ETest()[pri:0, instance:com.nykaa.brands.BrandSearchE2ETest@d35dea7]" started-at="2026-08-11T16:35:21 IST" name="brandSearchE2ETest" finished-at="2026-08-11T16:36:46 IST" duration-ms="85404" status="PASS">
          <reporter-output>
          </reporter-output>
        </test-method> <!-- brandSearchE2ETest -->
        <test-method is-config="true" signature="configAM()[pri:0, instance:com.nykaa.brands.BrandSearchE2ETest@d35dea7]" started-at="2026-08-11T16:36:46 IST" name="configAM" finished-at="2026-08-11T16:36:46 IST" duration-ms="0" status="PASS">
          <reporter-output>
          </reporter-output>
        </test-method> <!-- configAM -->
        <test-method is-config="true" signature="configAC()[pri:0, instance:com.nykaa.brands.BrandSearchE2ETest@d35dea7]" started-at="2026-08-11T16:36:46 IST" name="configAC" finished-at="2026-08-11T16:36:46 IST" duration-ms="228" status="PASS">
          <reporter-output>
          </reporter-output>
        </test-method> <!-- configAC -->
        <test-method is-config="true" signature="configAS()[pri:0, instance:com.nykaa.brands.BrandSearchE2ETest@d35dea7]" started-at="2026-08-11T16:36:46 IST" name="configAS" finished-at="2026-08-11T16:36:46 IST" duration-ms="1" status="PASS">
          <reporter-output>
          </reporter-output>
        </test-method> <!-- configAS -->
      </class> <!-- com.nykaa.brands.BrandSearchE2ETest -->
    </test> <!-- Default test -->
  </suite> <!-- Default suite -->
</testng-results>
