<?xml version="1.0" encoding="UTF-8"?>
<testng-results ignored="0" total="1" passed="1" failed="0" skipped="0">
  <reporter-output>
  </reporter-output>
  <suite started-at="2026-08-11T16:18:57 IST" name="Default suite" finished-at="2026-08-11T16:19:11 IST" duration-ms="14801">
    <groups>
      <group name="smoke">
        <method signature="Cart.toVerifyCouponAvailableForNonLoggedInUsersTest()[pri:0, instance:com.nykaa.cart.Cart@2d2ffcb7]" name="toVerifyCouponAvailableForNonLoggedInUsersTest" class="com.nykaa.cart.Cart"/>
      </group> <!-- smoke -->
    </groups>
    <test started-at="2026-08-11T16:18:57 IST" name="Default test" finished-at="2026-08-11T16:19:11 IST" duration-ms="14801">
      <class name="com.nykaa.cart.Cart">
        <test-method is-config="true" signature="configBS()[pri:0, instance:com.nykaa.cart.Cart@2d2ffcb7]" started-at="2026-08-11T16:18:57 IST" name="configBS" finished-at="2026-08-11T16:18:57 IST" duration-ms="10" status="PASS">
          <reporter-output>
          </reporter-output>
        </test-method> <!-- configBS -->
        <test-method is-config="true" signature="configBC()[pri:0, instance:com.nykaa.cart.Cart@2d2ffcb7]" started-at="2026-08-11T16:18:57 IST" name="configBC" finished-at="2026-08-11T16:19:01 IST" duration-ms="4398" status="PASS">
          <reporter-output>
          </reporter-output>
        </test-method> <!-- configBC -->
        <test-method is-config="true" signature="configBM()[pri:0, instance:com.nykaa.cart.Cart@2d2ffcb7]" started-at="2026-08-11T16:19:01 IST" name="configBM" finished-at="2026-08-11T16:19:01 IST" duration-ms="32" status="PASS">
          <reporter-output>
          </reporter-output>
        </test-method> <!-- configBM -->
        <test-method signature="toVerifyCouponAvailableForNonLoggedInUsersTest()[pri:0, instance:com.nykaa.cart.Cart@2d2ffcb7]" started-at="2026-08-11T16:19:01 IST" name="toVerifyCouponAvailableForNonLoggedInUsersTest" finished-at="2026-08-11T16:19:11 IST" duration-ms="9718" status="PASS">
          <reporter-output>
          </reporter-output>
        </test-method> <!-- toVerifyCouponAvailableForNonLoggedInUsersTest -->
        <test-method is-config="true" signature="configAM()[pri:0, instance:com.nykaa.cart.Cart@2d2ffcb7]" started-at="2026-08-11T16:19:11 IST" name="configAM" finished-at="2026-08-11T16:19:11 IST" duration-ms="1" status="PASS">
          <reporter-output>
          </reporter-output>
        </test-method> <!-- configAM -->
        <test-method is-config="true" signature="configAC()[pri:0, instance:com.nykaa.cart.Cart@2d2ffcb7]" started-at="2026-08-11T16:19:11 IST" name="configAC" finished-at="2026-08-11T16:19:11 IST" duration-ms="602" status="PASS">
          <reporter-output>
          </reporter-output>
        </test-method> <!-- configAC -->
        <test-method is-config="true" signature="configAS()[pri:0, instance:com.nykaa.cart.Cart@2d2ffcb7]" started-at="2026-08-11T16:19:11 IST" name="configAS" finished-at="2026-08-11T16:19:11 IST" duration-ms="1" status="PASS">
          <reporter-output>
          </reporter-output>
        </test-method> <!-- configAS -->
      </class> <!-- com.nykaa.cart.Cart -->
    </test> <!-- Default test -->
  </suite> <!-- Default suite -->
</testng-results>
